{
"contracts/Exchange.sol":{"l":{"83":66,"84":66,"90":24,"91":23,"93":22,"94":22,"95":22,"101":3,"107":1,"113":4,"115":3,"116":3,"117":3,"125":19,"131":12,"133":11,"134":11,"135":11,"142":5,"143":5,"144":4,"147":3,"149":3,"155":7,"156":7,"157":6,"159":6,"161":4,"174":6,"175":5,"177":4,"179":4,"180":4,"182":4,"183":4,"185":4,"187":4},"path":"/Users/dheeraj/Blockchain_self/dapp_univ/blockchain-dev-bootcamp/blockchain-dev-bootcamp/contracts/Exchange.sol","s":{"1":66,"2":66,"3":24,"4":23,"5":22,"6":22,"7":22,"8":3,"9":1,"10":4,"11":3,"12":3,"13":3,"14":19,"15":12,"16":11,"17":11,"18":11,"19":5,"20":5,"21":4,"22":3,"23":3,"24":7,"25":7,"26":6,"27":6,"28":4,"29":6,"30":5,"31":4,"32":4,"33":4,"34":4,"35":4,"36":4,"37":4},"b":{"1":[23,1],"2":[22,1],"3":[3,1],"4":[11,1],"5":[4,1],"6":[3,1],"7":[6,1],"8":[6,0],"9":[5,1],"10":[4,1]},"f":{"1":66,"2":24,"3":3,"4":1,"5":4,"6":19,"7":12,"8":5,"9":7,"10":6},"fnMap":{"1":{"name":"constructor","line":81,"loc":{"start":{"line":81,"column":4},"end":{"line":85,"column":4}}},"2":{"name":"depositToken","line":87,"loc":{"start":{"line":87,"column":4},"end":{"line":96,"column":4}}},"3":{"name":"withdrawTokens","line":98,"loc":{"start":{"line":98,"column":4},"end":{"line":102,"column":4}}},"4":{"name":"withdrawToThirdParty","line":104,"loc":{"start":{"line":104,"column":4},"end":{"line":108,"column":4}}},"5":{"name":"withdraw","line":110,"loc":{"start":{"line":110,"column":4},"end":{"line":118,"column":4}}},"6":{"name":"balanceOf","line":120,"loc":{"start":{"line":120,"column":4},"end":{"line":126,"column":4}}},"7":{"name":"makeOrder","line":128,"loc":{"start":{"line":128,"column":4},"end":{"line":136,"column":4}}},"8":{"name":"cancelOrder","line":139,"loc":{"start":{"line":139,"column":4},"end":{"line":150,"column":4}}},"9":{"name":"fillOrder","line":152,"loc":{"start":{"line":152,"column":4},"end":{"line":162,"column":4}}},"10":{"name":"fullFillTrade","line":164,"loc":{"start":{"line":164,"column":4},"end":{"line":188,"column":4}}}},"statementMap":{"1":{"start":{"line":83,"column":8},"end":{"line":83,"column":31}},"2":{"start":{"line":84,"column":8},"end":{"line":84,"column":31}},"3":{"start":{"line":90,"column":8},"end":{"line":90,"column":88}},"4":{"start":{"line":91,"column":8},"end":{"line":91,"column":106}},"5":{"start":{"line":93,"column":8},"end":{"line":93,"column":70}},"6":{"start":{"line":94,"column":8},"end":{"line":94,"column":50}},"7":{"start":{"line":95,"column":8},"end":{"line":95,"column":52}},"8":{"start":{"line":101,"column":8},"end":{"line":101,"column":44}},"9":{"start":{"line":107,"column":8},"end":{"line":107,"column":43}},"10":{"start":{"line":113,"column":8},"end":{"line":113,"column":84}},"11":{"start":{"line":115,"column":8},"end":{"line":115,"column":50}},"12":{"start":{"line":116,"column":8},"end":{"line":116,"column":50}},"13":{"start":{"line":117,"column":8},"end":{"line":117,"column":52}},"14":{"start":{"line":125,"column":8},"end":{"line":125,"column":42}},"15":{"start":{"line":131,"column":8},"end":{"line":131,"column":89}},"16":{"start":{"line":133,"column":8},"end":{"line":133,"column":32}},"17":{"start":{"line":134,"column":8},"end":{"line":134,"column":152}},"18":{"start":{"line":135,"column":8},"end":{"line":135,"column":123}},"19":{"start":{"line":142,"column":8},"end":{"line":142,"column":50}},"20":{"start":{"line":143,"column":8},"end":{"line":143,"column":66}},"21":{"start":{"line":144,"column":8},"end":{"line":144,"column":72}},"22":{"start":{"line":147,"column":8},"end":{"line":147,"column":39}},"23":{"start":{"line":149,"column":8},"end":{"line":149,"column":139}},"24":{"start":{"line":155,"column":9},"end":{"line":155,"column":51}},"25":{"start":{"line":156,"column":9},"end":{"line":156,"column":86}},"26":{"start":{"line":157,"column":9},"end":{"line":157,"column":101}},"27":{"start":{"line":159,"column":9},"end":{"line":159,"column":119}},"28":{"start":{"line":161,"column":9},"end":{"line":161,"column":37}},"29":{"start":{"line":174,"column":8},"end":{"line":174,"column":65}},"30":{"start":{"line":175,"column":8},"end":{"line":175,"column":67}},"31":{"start":{"line":177,"column":8},"end":{"line":177,"column":57}},"32":{"start":{"line":179,"column":8},"end":{"line":179,"column":70}},"33":{"start":{"line":180,"column":8},"end":{"line":180,"column":53}},"34":{"start":{"line":182,"column":8},"end":{"line":182,"column":60}},"35":{"start":{"line":183,"column":8},"end":{"line":183,"column":55}},"36":{"start":{"line":185,"column":8},"end":{"line":185,"column":55}},"37":{"start":{"line":187,"column":8},"end":{"line":187,"column":128}}},"branchMap":{"1":{"line":90,"type":"if","locations":[{"start":{"line":90,"column":8},"end":{"line":90,"column":8}},{"start":{"line":90,"column":8},"end":{"line":90,"column":8}}]},"2":{"line":91,"type":"if","locations":[{"start":{"line":91,"column":8},"end":{"line":91,"column":8}},{"start":{"line":91,"column":8},"end":{"line":91,"column":8}}]},"3":{"line":113,"type":"if","locations":[{"start":{"line":113,"column":8},"end":{"line":113,"column":8}},{"start":{"line":113,"column":8},"end":{"line":113,"column":8}}]},"4":{"line":131,"type":"if","locations":[{"start":{"line":131,"column":8},"end":{"line":131,"column":8}},{"start":{"line":131,"column":8},"end":{"line":131,"column":8}}]},"5":{"line":143,"type":"if","locations":[{"start":{"line":143,"column":8},"end":{"line":143,"column":8}},{"start":{"line":143,"column":8},"end":{"line":143,"column":8}}]},"6":{"line":144,"type":"if","locations":[{"start":{"line":144,"column":8},"end":{"line":144,"column":8}},{"start":{"line":144,"column":8},"end":{"line":144,"column":8}}]},"7":{"line":156,"type":"if","locations":[{"start":{"line":156,"column":9},"end":{"line":156,"column":9}},{"start":{"line":156,"column":9},"end":{"line":156,"column":9}}]},"8":{"line":157,"type":"if","locations":[{"start":{"line":157,"column":9},"end":{"line":157,"column":9}},{"start":{"line":157,"column":9},"end":{"line":157,"column":9}}]},"9":{"line":174,"type":"if","locations":[{"start":{"line":174,"column":8},"end":{"line":174,"column":8}},{"start":{"line":174,"column":8},"end":{"line":174,"column":8}}]},"10":{"line":175,"type":"if","locations":[{"start":{"line":175,"column":8},"end":{"line":175,"column":8}},{"start":{"line":175,"column":8},"end":{"line":175,"column":8}}]}}},
"contracts/Token_OZ.sol":{"l":{"10":132},"path":"/Users/dheeraj/Blockchain_self/dapp_univ/blockchain-dev-bootcamp/blockchain-dev-bootcamp/contracts/Token_OZ.sol","s":{"1":132},"b":{},"f":{"1":132},"fnMap":{"1":{"name":"constructor","line":8,"loc":{"start":{"line":8,"column":4},"end":{"line":11,"column":4}}}},"statementMap":{"1":{"start":{"line":10,"column":8},"end":{"line":10,"column":58}}},"branchMap":{}},
"contracts/Token.sol":{"l":{"18":48,"19":48,"20":48,"21":48,"28":6,"29":6,"30":4,"32":4,"33":4,"40":8,"41":8,"43":8,"44":8,"52":8,"53":7,"54":7,"55":7,"62":4,"63":4,"64":4,"65":4,"67":4,"69":4},"path":"/Users/dheeraj/Blockchain_self/dapp_univ/blockchain-dev-bootcamp/blockchain-dev-bootcamp/contracts/Token.sol","s":{"1":48,"2":48,"3":48,"4":48,"5":6,"6":6,"7":4,"8":4,"9":4,"10":8,"11":8,"12":8,"13":8,"14":8,"15":7,"16":7,"17":7,"18":4,"19":4,"20":4,"21":4,"22":4,"23":4},"b":{"1":[4,2],"2":[4,0],"3":[7,1],"4":[4,0],"5":[4,0],"6":[4,0],"7":[4,0]},"f":{"1":48,"2":6,"3":8,"4":8,"5":4},"fnMap":{"1":{"name":"constructor","line":16,"loc":{"start":{"line":16,"column":4},"end":{"line":22,"column":4}}},"2":{"name":"transfer","line":24,"loc":{"start":{"line":24,"column":4},"end":{"line":34,"column":4}}},"3":{"name":"transfer","line":36,"loc":{"start":{"line":36,"column":4},"end":{"line":45,"column":4}}},"4":{"name":"approve","line":48,"loc":{"start":{"line":48,"column":4},"end":{"line":56,"column":4}}},"5":{"name":"transferFrom","line":58,"loc":{"start":{"line":58,"column":4},"end":{"line":70,"column":4}}}},"statementMap":{"1":{"start":{"line":18,"column":8},"end":{"line":18,"column":19}},"2":{"start":{"line":19,"column":8},"end":{"line":19,"column":23}},"3":{"start":{"line":20,"column":8},"end":{"line":20,"column":52}},"4":{"start":{"line":21,"column":8},"end":{"line":21,"column":42}},"5":{"start":{"line":28,"column":8},"end":{"line":28,"column":33}},"6":{"start":{"line":29,"column":8},"end":{"line":29,"column":64}},"7":{"start":{"line":30,"column":8},"end":{"line":30,"column":57}},"8":{"start":{"line":32,"column":8},"end":{"line":32,"column":32}},"9":{"start":{"line":33,"column":8},"end":{"line":33,"column":19}},"10":{"start":{"line":40,"column":8},"end":{"line":40,"column":31}},"11":{"start":{"line":41,"column":8},"end":{"line":41,"column":29}},"12":{"start":{"line":43,"column":8},"end":{"line":43,"column":38}},"13":{"start":{"line":44,"column":8},"end":{"line":44,"column":19}},"14":{"start":{"line":52,"column":8},"end":{"line":52,"column":74}},"15":{"start":{"line":53,"column":8},"end":{"line":53,"column":50}},"16":{"start":{"line":54,"column":8},"end":{"line":54,"column":53}},"17":{"start":{"line":55,"column":8},"end":{"line":55,"column":19}},"18":{"start":{"line":62,"column":8},"end":{"line":62,"column":67}},"19":{"start":{"line":63,"column":8},"end":{"line":63,"column":55}},"20":{"start":{"line":64,"column":8},"end":{"line":64,"column":108}},"21":{"start":{"line":65,"column":8},"end":{"line":65,"column":1902}},"22":{"start":{"line":67,"column":12},"end":{"line":67,"column":51}},"23":{"start":{"line":69,"column":8},"end":{"line":69,"column":44}}},"branchMap":{"1":{"line":29,"type":"if","locations":[{"start":{"line":29,"column":8},"end":{"line":29,"column":8}},{"start":{"line":29,"column":8},"end":{"line":29,"column":8}}]},"2":{"line":30,"type":"if","locations":[{"start":{"line":30,"column":8},"end":{"line":30,"column":8}},{"start":{"line":30,"column":8},"end":{"line":30,"column":8}}]},"3":{"line":52,"type":"if","locations":[{"start":{"line":52,"column":8},"end":{"line":52,"column":8}},{"start":{"line":52,"column":8},"end":{"line":52,"column":8}}]},"4":{"line":62,"type":"if","locations":[{"start":{"line":62,"column":8},"end":{"line":62,"column":8}},{"start":{"line":62,"column":8},"end":{"line":62,"column":8}}]},"5":{"line":63,"type":"if","locations":[{"start":{"line":63,"column":8},"end":{"line":63,"column":8}},{"start":{"line":63,"column":8},"end":{"line":63,"column":8}}]},"6":{"line":64,"type":"if","locations":[{"start":{"line":64,"column":8},"end":{"line":64,"column":8}},{"start":{"line":64,"column":8},"end":{"line":64,"column":8}}]},"7":{"line":65,"type":"if","locations":[{"start":{"line":65,"column":8},"end":{"line":65,"column":8}},{"start":{"line":65,"column":8},"end":{"line":65,"column":8}}]}}}}
