TN:
SF:/Users/dheeraj/Blockchain_self/dapp_univ/blockchain-dev-bootcamp/blockchain-dev-bootcamp/contracts/Exchange.sol
FN:81,constructor
FN:87,depositToken
FN:98,withdrawTokens
FN:104,withdrawToThirdParty
FN:110,withdraw
FN:120,balanceOf
FN:128,makeOrder
FN:139,cancelOrder
FN:152,fillOrder
FN:164,fullFillTrade
FNF:10
FNH:10
FNDA:66,constructor
FNDA:24,depositToken
FNDA:3,withdrawTokens
FNDA:1,withdrawToThirdParty
FNDA:4,withdraw
FNDA:19,balanceOf
FNDA:12,makeOrder
FNDA:5,cancelOrder
FNDA:7,fillOrder
FNDA:6,fullFillTrade
DA:83,66
DA:84,66
DA:90,24
DA:91,23
DA:93,22
DA:94,22
DA:95,22
DA:101,3
DA:107,1
DA:113,4
DA:115,3
DA:116,3
DA:117,3
DA:125,19
DA:131,12
DA:133,11
DA:134,11
DA:135,11
DA:142,5
DA:143,5
DA:144,4
DA:147,3
DA:149,3
DA:155,7
DA:156,7
DA:157,6
DA:159,6
DA:161,4
DA:174,6
DA:175,5
DA:177,4
DA:179,4
DA:180,4
DA:182,4
DA:183,4
DA:185,4
DA:187,4
LF:37
LH:37
BRDA:90,1,0,23
BRDA:90,1,1,1
BRDA:91,2,0,22
BRDA:91,2,1,1
BRDA:113,3,0,3
BRDA:113,3,1,1
BRDA:131,4,0,11
BRDA:131,4,1,1
BRDA:143,5,0,4
BRDA:143,5,1,1
BRDA:144,6,0,3
BRDA:144,6,1,1
BRDA:156,7,0,6
BRDA:156,7,1,1
BRDA:157,8,0,6
BRDA:157,8,1,0
BRDA:174,9,0,5
BRDA:174,9,1,1
BRDA:175,10,0,4
BRDA:175,10,1,1
BRF:20
BRH:19
end_of_record
TN:
SF:/Users/dheeraj/Blockchain_self/dapp_univ/blockchain-dev-bootcamp/blockchain-dev-bootcamp/contracts/Token_OZ.sol
FN:8,constructor
FNF:1
FNH:1
FNDA:132,constructor
DA:10,132
LF:1
LH:1
BRF:0
BRH:0
end_of_record
TN:
SF:/Users/dheeraj/Blockchain_self/dapp_univ/blockchain-dev-bootcamp/blockchain-dev-bootcamp/contracts/Token.sol
FN:16,constructor
FN:24,transfer
FN:36,transfer
FN:48,approve
FN:58,transferFrom
FNF:5
FNH:5
FNDA:48,constructor
FNDA:6,transfer
FNDA:8,transfer
FNDA:8,approve
FNDA:4,transferFrom
DA:18,48
DA:19,48
DA:20,48
DA:21,48
DA:28,6
DA:29,6
DA:30,4
DA:32,4
DA:33,4
DA:40,8
DA:41,8
DA:43,8
DA:44,8
DA:52,8
DA:53,7
DA:54,7
DA:55,7
DA:62,4
DA:63,4
DA:64,4
DA:65,4
DA:67,4
DA:69,4
LF:23
LH:23
BRDA:29,1,0,4
BRDA:29,1,1,2
BRDA:30,2,0,4
BRDA:30,2,1,0
BRDA:52,3,0,7
BRDA:52,3,1,1
BRDA:62,4,0,4
BRDA:62,4,1,0
BRDA:63,5,0,4
BRDA:63,5,1,0
BRDA:64,6,0,4
BRDA:64,6,1,0
BRDA:65,7,0,4
BRDA:65,7,1,0
BRF:14
BRH:9
end_of_record
